c:\users\lcsszz\documents\chang liu demo\20140411\20140411\x64\release\vc140.pdb
c:\users\lcsszz\documents\chang liu demo\20140411\20140411\x64\release\frameresource.obj
c:\users\lcsszz\documents\chang liu demo\20140411\20140411\x64\release\d3dscene.obj
c:\users\lcsszz\documents\chang liu demo\20140411\20140411\x64\release\cubemap.obj
c:\users\lcsszz\documents\chang liu demo\20140411\20140411\x64\release\mathhelper.obj
c:\users\lcsszz\documents\chang liu demo\20140411\20140411\x64\release\geometrygenerator.obj
c:\users\lcsszz\documents\chang liu demo\20140411\20140411\x64\release\gametimer.obj
c:\users\lcsszz\documents\chang liu demo\20140411\20140411\x64\release\ddstextureloader.obj
c:\users\lcsszz\documents\chang liu demo\20140411\20140411\x64\release\d3dutil.obj
c:\users\lcsszz\documents\chang liu demo\20140411\20140411\x64\release\d3dapp.obj
c:\users\lcsszz\documents\chang liu demo\20140411\20140411\x64\release\camera.obj
c:\users\lcsszz\documents\chang liu demo\20140411\x64\release\20140411.exe
c:\users\lcsszz\documents\chang liu demo\20140411\x64\release\20140411.ipdb
c:\users\lcsszz\documents\chang liu demo\20140411\x64\release\20140411.iobj
c:\users\lcsszz\documents\chang liu demo\20140411\x64\release\20140411.pdb
c:\users\lcsszz\documents\chang liu demo\20140411\20140411\x64\release\20140411.tlog\cl.command.1.tlog
c:\users\lcsszz\documents\chang liu demo\20140411\20140411\x64\release\20140411.tlog\cl.read.1.tlog
c:\users\lcsszz\documents\chang liu demo\20140411\20140411\x64\release\20140411.tlog\cl.write.1.tlog
c:\users\lcsszz\documents\chang liu demo\20140411\20140411\x64\release\20140411.tlog\link.command.1.tlog
c:\users\lcsszz\documents\chang liu demo\20140411\20140411\x64\release\20140411.tlog\link.read.1.tlog
c:\users\lcsszz\documents\chang liu demo\20140411\20140411\x64\release\20140411.tlog\link.write.1.tlog
