c:\users\lcsszz\documents\chang liu demo\20140411\20140411\x64\debug\vc140.pdb
c:\users\lcsszz\documents\chang liu demo\20140411\20140411\x64\debug\vc140.idb
c:\users\lcsszz\documents\chang liu demo\20140411\20140411\x64\debug\camera.obj
c:\users\lcsszz\documents\chang liu demo\20140411\20140411\x64\debug\d3dapp.obj
c:\users\lcsszz\documents\chang liu demo\20140411\20140411\x64\debug\d3dutil.obj
c:\users\lcsszz\documents\chang liu demo\20140411\20140411\x64\debug\ddstextureloader.obj
c:\users\lcsszz\documents\chang liu demo\20140411\20140411\x64\debug\gametimer.obj
c:\users\lcsszz\documents\chang liu demo\20140411\20140411\x64\debug\geometrygenerator.obj
c:\users\lcsszz\documents\chang liu demo\20140411\20140411\x64\debug\mathhelper.obj
c:\users\lcsszz\documents\chang liu demo\20140411\20140411\x64\debug\cubemap.obj
c:\users\lcsszz\documents\chang liu demo\20140411\20140411\x64\debug\d3dscene.obj
c:\users\lcsszz\documents\chang liu demo\20140411\20140411\x64\debug\frameresource.obj
c:\users\lcsszz\documents\chang liu demo\20140411\x64\debug\20140411.ilk
c:\users\lcsszz\documents\chang liu demo\20140411\x64\debug\20140411.exe
c:\users\lcsszz\documents\chang liu demo\20140411\x64\debug\20140411.pdb
c:\users\lcsszz\documents\chang liu demo\20140411\20140411\x64\debug\20140411.tlog\cl.command.1.tlog
c:\users\lcsszz\documents\chang liu demo\20140411\20140411\x64\debug\20140411.tlog\cl.read.1.tlog
c:\users\lcsszz\documents\chang liu demo\20140411\20140411\x64\debug\20140411.tlog\cl.write.1.tlog
c:\users\lcsszz\documents\chang liu demo\20140411\20140411\x64\debug\20140411.tlog\link.command.1.tlog
c:\users\lcsszz\documents\chang liu demo\20140411\20140411\x64\debug\20140411.tlog\link.read.1.tlog
c:\users\lcsszz\documents\chang liu demo\20140411\20140411\x64\debug\20140411.tlog\link.write.1.tlog
